Using pre-set license
Built from '2021.3/staging' branch; Version is '2021.3.19f1 (c9714fde33b6) revision 13201743'; Using compiler version '192829333'; Build Type 'Release'
OS: 'Windows 10  (10.0.19041) 64bit Core' Language: 'fr' Physical Memory: 16269 MB
BatchMode: 1, IsHumanControllingUs: 0, StartBugReporterOnCrash: 0, Is64bit: 1, IsPro: 1

COMMAND LINE ARGUMENTS:
C:\Program Files\Unity\Hub\Editor\2021.3.19f1\Editor\Unity.exe
-adb2
-batchMode
-noUpm
-name
AssetImportWorker0
-projectPath
C:/Users/antap/UnityProjects/BWorld
-logFile
Logs/AssetImportWorker0.log
-srvPort
51914
Successfully changed project path to: C:/Users/antap/UnityProjects/BWorld
C:/Users/antap/UnityProjects/BWorld
[UnityMemory] Configuration Parameters - Can be set up in boot.config
    "memorysetup-bucket-allocator-granularity=16"
    "memorysetup-bucket-allocator-bucket-count=8"
    "memorysetup-bucket-allocator-block-size=33554432"
    "memorysetup-bucket-allocator-block-count=8"
    "memorysetup-main-allocator-block-size=16777216"
    "memorysetup-thread-allocator-block-size=16777216"
    "memorysetup-gfx-main-allocator-block-size=16777216"
    "memorysetup-gfx-thread-allocator-block-size=16777216"
    "memorysetup-cache-allocator-block-size=4194304"
    "memorysetup-typetree-allocator-block-size=2097152"
    "memorysetup-profiler-bucket-allocator-granularity=16"
    "memorysetup-profiler-bucket-allocator-bucket-count=8"
    "memorysetup-profiler-bucket-allocator-block-size=33554432"
    "memorysetup-profiler-bucket-allocator-block-count=8"
    "memorysetup-profiler-allocator-block-size=16777216"
    "memorysetup-profiler-editor-allocator-block-size=1048576"
    "memorysetup-temp-allocator-size-main=16777216"
    "memorysetup-job-temp-allocator-block-size=2097152"
    "memorysetup-job-temp-allocator-block-size-background=1048576"
    "memorysetup-job-temp-allocator-reduction-small-platforms=262144"
    "memorysetup-temp-allocator-size-background-worker=32768"
    "memorysetup-temp-allocator-size-job-worker=262144"
    "memorysetup-temp-allocator-size-preload-manager=33554432"
    "memorysetup-temp-allocator-size-nav-mesh-worker=65536"
    "memorysetup-temp-allocator-size-audio-worker=65536"
    "memorysetup-temp-allocator-size-cloud-worker=32768"
    "memorysetup-temp-allocator-size-gi-baking-worker=262144"
    "memorysetup-temp-allocator-size-gfx=262144"
Player connection [25580] Host "[IP] 192.168.221.1 [Port] 0 [Flags] 2 [Guid] 2019431935 [EditorId] 2019431935 [Version] 1048832 [Id] WindowsEditor(7,MSI) [Debug] 1 [PackageName] WindowsEditor [ProjectName] Editor" joined multi-casting on [225.0.0.222:54997]...

Player connection [25580] Host "[IP] 192.168.221.1 [Port] 0 [Flags] 2 [Guid] 2019431935 [EditorId] 2019431935 [Version] 1048832 [Id] WindowsEditor(7,MSI) [Debug] 1 [PackageName] WindowsEditor [ProjectName] Editor" joined alternative multi-casting on [225.0.0.222:34997]...

Refreshing native plugins compatible for Editor in 228.79 ms, found 4 plugins.
Preloading 0 native plugins for Editor in 0.00 ms.
Initialize engine version: 2021.3.19f1 (c9714fde33b6)
[Subsystems] Discovering subsystems at path C:/Program Files/Unity/Hub/Editor/2021.3.19f1/Editor/Data/Resources/UnitySubsystems
[Subsystems] Discovering subsystems at path C:/Users/antap/UnityProjects/BWorld/Assets
GfxDevice: creating device client; threaded=0; jobified=0
Direct3D:
    Version:  Direct3D 11.0 [level 11.1]
    Renderer: NVIDIA GeForce RTX 2080 Super with Max-Q Design (ID=0x1e93)
    Vendor:   NVIDIA
    VRAM:     8010 MB
    Driver:   31.0.15.1694
Initialize mono
Mono path[0] = 'C:/Program Files/Unity/Hub/Editor/2021.3.19f1/Editor/Data/Managed'
Mono path[1] = 'C:/Program Files/Unity/Hub/Editor/2021.3.19f1/Editor/Data/MonoBleedingEdge/lib/mono/unityjit-win32'
Mono config path = 'C:/Program Files/Unity/Hub/Editor/2021.3.19f1/Editor/Data/MonoBleedingEdge/etc'
Using monoOptions --debugger-agent=transport=dt_socket,embedding=1,server=y,suspend=n,address=127.0.0.1:56540
Begin MonoManager ReloadAssembly
Registering precompiled unity dll's ...
Register platform support module: C:/Program Files/Unity/Hub/Editor/2021.3.19f1/Editor/Data/PlaybackEngines/WebGLSupport/UnityEditor.WebGL.Extensions.dll
Register platform support module: C:/Program Files/Unity/Hub/Editor/2021.3.19f1/Editor/Data/PlaybackEngines/WindowsStandaloneSupport/UnityEditor.WindowsStandalone.Extensions.dll
Registered in 0.153461 seconds.
Native extension for WindowsStandalone target not found
Native extension for WebGL target not found
Refreshing native plugins compatible for Editor in 85.53 ms, found 4 plugins.
Preloading 0 native plugins for Editor in 0.00 ms.
Mono: successfully reloaded assembly
- Completed reload, in  4.513 seconds
Domain Reload Profiling:
	ReloadAssembly (4514ms)
		BeginReloadAssembly (3153ms)
			ExecutionOrderSort (0ms)
			DisableScriptedObjects (0ms)
			BackupInstance (0ms)
			ReleaseScriptingObjects (0ms)
			CreateAndSetChildDomain (1ms)
		EndReloadAssembly (889ms)
			LoadAssemblies (3160ms)
			RebuildTransferFunctionScriptingTraits (0ms)
			SetupTypeCache (539ms)
			ReleaseScriptCaches (0ms)
			RebuildScriptCaches (24ms)
			SetupLoadedEditorAssemblies (271ms)
				LogAssemblyErrors (0ms)
				InitializePlatformSupportModulesInManaged (8ms)
				SetLoadedEditorAssemblies (0ms)
				RefreshPlugins (86ms)
				BeforeProcessingInitializeOnLoad (1ms)
				ProcessInitializeOnLoadAttributes (129ms)
				ProcessInitializeOnLoadMethodAttributes (47ms)
				AfterProcessingInitializeOnLoad (0ms)
				EditorAssembliesLoaded (0ms)
			ExecutionOrderSort2 (0ms)
			AwakeInstancesAfterBackupRestoration (0ms)
Platform modules already initialized, skipping
Registering precompiled user dll's ...
Registered in 0.834963 seconds.
Begin MonoManager ReloadAssembly
Symbol file LoadedFromMemory doesn't match image C:\Users\antap\UnityProjects\BWorld\Library\PackageCache\com.unity.visualscripting@1.8.0\Editor\VisualScripting.Core\Dependencies\YamlDotNet\Unity.VisualScripting.YamlDotNet.dll
Symbol file LoadedFromMemory doesn't match image C:\Users\antap\UnityProjects\BWorld\Library\PackageCache\com.unity.visualscripting@1.8.0\Editor\VisualScripting.Core\Dependencies\DotNetZip\Unity.VisualScripting.IonicZip.dll
Native extension for WindowsStandalone target not found
Native extension for WebGL target not found
Refreshing native plugins compatible for Editor in 82.05 ms, found 4 plugins.
Preloading 0 native plugins for Editor in 0.00 ms.
Mono: successfully reloaded assembly
- Completed reload, in  4.680 seconds
Domain Reload Profiling:
	ReloadAssembly (4681ms)
		BeginReloadAssembly (100ms)
			ExecutionOrderSort (0ms)
			DisableScriptedObjects (6ms)
			BackupInstance (0ms)
			ReleaseScriptingObjects (0ms)
			CreateAndSetChildDomain (16ms)
		EndReloadAssembly (4418ms)
			LoadAssemblies (3243ms)
			RebuildTransferFunctionScriptingTraits (0ms)
			SetupTypeCache (586ms)
			ReleaseScriptCaches (1ms)
			RebuildScriptCaches (51ms)
			SetupLoadedEditorAssemblies (491ms)
				LogAssemblyErrors (0ms)
				InitializePlatformSupportModulesInManaged (6ms)
				SetLoadedEditorAssemblies (0ms)
				RefreshPlugins (82ms)
				BeforeProcessingInitializeOnLoad (89ms)
				ProcessInitializeOnLoadAttributes (276ms)
				ProcessInitializeOnLoadMethodAttributes (30ms)
				AfterProcessingInitializeOnLoad (8ms)
				EditorAssembliesLoaded (0ms)
			ExecutionOrderSort2 (0ms)
			AwakeInstancesAfterBackupRestoration (7ms)
Platform modules already initialized, skipping
========================================================================
Worker process is ready to serve import requests
Launched and connected shader compiler UnityShaderCompiler.exe after 0.06 seconds
Refreshing native plugins compatible for Editor in 0.56 ms, found 4 plugins.
Preloading 0 native plugins for Editor in 0.00 ms.
Unloading 3734 Unused Serialized files (Serialized files now loaded: 0)
Unloading 41 unused Assets / (229.3 KB). Loaded Objects now: 4187.
Memory consumption went from 142.6 MB to 142.4 MB.
Total: 3.243300 ms (FindLiveObjects: 0.363400 ms CreateObjectMapping: 0.272900 ms MarkObjects: 2.481600 ms  DeleteObjects: 0.124700 ms)

AssetImportParameters requested are different than current active one (requested -> active):
  custom:video-decoder-ogg-theora: a1e56fd34408186e4bbccfd4996cb3dc -> 
  custom:container-muxer-webm: aa71ff27fc2769a1b78a27578f13a17b -> 
  custom:container-demuxer-webm: 4f35f7cbe854078d1ac9338744f61a02 -> 
  custom:video-encoder-webm-vp8: eb34c28f22e8b96e1ab97ce403110664 -> 
  custom:audio-encoder-webm-vorbis: bf7c407c2cedff20999df2af8eb42d56 -> 
  custom:framework-win-MediaFoundation: 216162199b28c13a410421893ffa2e32 -> 
  custom:container-demuxer-ogg: 62fdf1f143b41e24485cea50d1cbac27 -> 
  custom:video-decoder-webm-vp8: 9c59270c3fd7afecdb556c50c9e8de78 -> 
  custom:audio-decoder-ogg-vorbis: bf7c407c2cedff20999df2af8eb42d56 -> 
========================================================================
Received Import Request.
  Time since last request: 780789.653396 seconds.
  path: Assets
  artifactKey: Guid(00000000000000001000000000000000) Importer(815301076,1909f56bfc062723c751e8b465ee728b)
Start importing Assets using Guid(00000000000000001000000000000000) Importer(815301076,1909f56bfc062723c751e8b465ee728b)  -> (artifact id: '79842766b460edbeab6a34051e857a80') in 0.010006 seconds 
========================================================================
Received Import Request.
  Time since last request: 4.635988 seconds.
  path: Assets/Prefabs
  artifactKey: Guid(eb863051c4cb85142b4b97be58fb3ed2) Importer(815301076,1909f56bfc062723c751e8b465ee728b)
Start importing Assets/Prefabs using Guid(eb863051c4cb85142b4b97be58fb3ed2) Importer(815301076,1909f56bfc062723c751e8b465ee728b)  -> (artifact id: 'b607c6f8dfd476ab169e53ba613ea866') in 0.007542 seconds 
========================================================================
Received Import Request.
  Time since last request: 11.974948 seconds.
  path: Assets/Fonts
  artifactKey: Guid(094765e31ecb7e04c99ac6543c4d3afd) Importer(815301076,1909f56bfc062723c751e8b465ee728b)
Start importing Assets/Fonts using Guid(094765e31ecb7e04c99ac6543c4d3afd) Importer(815301076,1909f56bfc062723c751e8b465ee728b)  -> (artifact id: '2592c11fa494995460d6894bad5ea430') in 0.007506 seconds 
========================================================================
Received Import Request.
  Time since last request: 451.763441 seconds.
  path: Assets/Sprites
  artifactKey: Guid(7ac4a75498af43d4d97e29a887655029) Importer(815301076,1909f56bfc062723c751e8b465ee728b)
Start importing Assets/Sprites using Guid(7ac4a75498af43d4d97e29a887655029) Importer(815301076,1909f56bfc062723c751e8b465ee728b)  -> (artifact id: 'ebd9acf8ead9b18a4abded3e0b37093c') in 0.011008 seconds 
========================================================================
Received Import Request.
  Time since last request: 8.086585 seconds.
  path: Assets/Animations
  artifactKey: Guid(f9f5457086a08dd40a6adc59853e2049) Importer(815301076,1909f56bfc062723c751e8b465ee728b)
Start importing Assets/Animations using Guid(f9f5457086a08dd40a6adc59853e2049) Importer(815301076,1909f56bfc062723c751e8b465ee728b)  -> (artifact id: '70fd8e62538433e2990aa933d6ebba45') in 0.005150 seconds 
========================================================================
Received Import Request.
  Time since last request: 4.158807 seconds.
  path: Assets/Scenes
  artifactKey: Guid(131a6b21c8605f84396be9f6751fb6e3) Importer(815301076,1909f56bfc062723c751e8b465ee728b)
Start importing Assets/Scenes using Guid(131a6b21c8605f84396be9f6751fb6e3) Importer(815301076,1909f56bfc062723c751e8b465ee728b)  -> (artifact id: '2c23e514d24f6b65fe96946cd87fc526') in 0.006593 seconds 
========================================================================
Received Import Request.
  Time since last request: 411.427252 seconds.
  path: Assets/Pixel Skies DEMO
  artifactKey: Guid(e9ccf38e777150b43aff3798ef7ca992) Importer(815301076,1909f56bfc062723c751e8b465ee728b)
Start importing Assets/Pixel Skies DEMO using Guid(e9ccf38e777150b43aff3798ef7ca992) Importer(815301076,1909f56bfc062723c751e8b465ee728b)  -> (artifact id: 'f195b1aea89912afa67c74d65b8d8bed') in 0.005780 seconds 
========================================================================
Received Import Request.
  Time since last request: 6.012953 seconds.
  path: Assets/Pixel Skies DEMO/Parallax Pixel Skies 240x135px
  artifactKey: Guid(b4400281ec6090949a94e469868f9479) Importer(815301076,1909f56bfc062723c751e8b465ee728b)
Start importing Assets/Pixel Skies DEMO/Parallax Pixel Skies 240x135px using Guid(b4400281ec6090949a94e469868f9479) Importer(815301076,1909f56bfc062723c751e8b465ee728b)  -> (artifact id: '54ab15b8a13b5068ce33b801925baaf2') in 0.006458 seconds 
========================================================================
Received Import Request.
  Time since last request: 0.844962 seconds.
  path: Assets/Pixel Skies DEMO/Parallax Pixel Skies 240x135px/Demo 01 Parallax Pixel Sky
  artifactKey: Guid(d94fe28eb467a2f4eba1049870eeb052) Importer(815301076,1909f56bfc062723c751e8b465ee728b)
Start importing Assets/Pixel Skies DEMO/Parallax Pixel Skies 240x135px/Demo 01 Parallax Pixel Sky using Guid(d94fe28eb467a2f4eba1049870eeb052) Importer(815301076,1909f56bfc062723c751e8b465ee728b)  -> (artifact id: '9939d28354b474c692defa21b8644dbf') in 0.006150 seconds 
========================================================================
Received Import Request.
  Time since last request: 0.067938 seconds.
  path: Assets/Pixel Skies DEMO/Parallax Pixel Skies 240x135px/Demo 01 Parallax Pixel Sky/demo01_PixelSky_layer01.png
  artifactKey: Guid(2b6d21890603e8441b3dadff70792455) Importer(815301076,1909f56bfc062723c751e8b465ee728b)
Start importing Assets/Pixel Skies DEMO/Parallax Pixel Skies 240x135px/Demo 01 Parallax Pixel Sky/demo01_PixelSky_layer01.png using Guid(2b6d21890603e8441b3dadff70792455) Importer(815301076,1909f56bfc062723c751e8b465ee728b)  -> (artifact id: '008894e5b334c65d6d15423497b21729') in 0.131632 seconds 
========================================================================
Received Import Request.
  Time since last request: 0.000016 seconds.
  path: Assets/Pixel Skies DEMO/Parallax Pixel Skies 240x135px/Demo 01 Parallax Pixel Sky/demo01_PixelSky_layer03.png
  artifactKey: Guid(005d61280f8b42a409f0a6a3546a9a9a) Importer(815301076,1909f56bfc062723c751e8b465ee728b)
Start importing Assets/Pixel Skies DEMO/Parallax Pixel Skies 240x135px/Demo 01 Parallax Pixel Sky/demo01_PixelSky_layer03.png using Guid(005d61280f8b42a409f0a6a3546a9a9a) Importer(815301076,1909f56bfc062723c751e8b465ee728b)  -> (artifact id: 'b1f3aa0261fbd240dda8a2040d758cb0') in 0.012310 seconds 
========================================================================
Received Import Request.
  Time since last request: 7.773612 seconds.
  path: Assets/Pixel Skies DEMO/Parallax Pixel Skies 240x135px/Demo 02 Parallax Pixel Sky
  artifactKey: Guid(c7654f64ca59a6a42b8dd9d35db4e9ca) Importer(815301076,1909f56bfc062723c751e8b465ee728b)
Start importing Assets/Pixel Skies DEMO/Parallax Pixel Skies 240x135px/Demo 02 Parallax Pixel Sky using Guid(c7654f64ca59a6a42b8dd9d35db4e9ca) Importer(815301076,1909f56bfc062723c751e8b465ee728b)  -> (artifact id: 'bd553a11fcc2bdca2a02f8d448b699c7') in 0.005802 seconds 
========================================================================
Received Import Request.
  Time since last request: 0.059385 seconds.
  path: Assets/Pixel Skies DEMO/Parallax Pixel Skies 240x135px/Demo 02 Parallax Pixel Sky/demo02_PixelSky_layer01.png
  artifactKey: Guid(168d4c89695ec554d84b438bd781f3a0) Importer(815301076,1909f56bfc062723c751e8b465ee728b)
Start importing Assets/Pixel Skies DEMO/Parallax Pixel Skies 240x135px/Demo 02 Parallax Pixel Sky/demo02_PixelSky_layer01.png using Guid(168d4c89695ec554d84b438bd781f3a0) Importer(815301076,1909f56bfc062723c751e8b465ee728b)  -> (artifact id: '684267d7a5e4ef35878f1bb73452c60f') in 0.028724 seconds 
========================================================================
Received Import Request.
  Time since last request: 2.160107 seconds.
  path: Assets/Pixel Skies DEMO/Pixel Skies 240x135px
  artifactKey: Guid(bd4b18ef6c3dc5b4f902005102b107c7) Importer(815301076,1909f56bfc062723c751e8b465ee728b)
Start importing Assets/Pixel Skies DEMO/Pixel Skies 240x135px using Guid(bd4b18ef6c3dc5b4f902005102b107c7) Importer(815301076,1909f56bfc062723c751e8b465ee728b)  -> (artifact id: '9b2f0a668e5eed4455f68a2eed80b349') in 0.006628 seconds 
========================================================================
Received Import Request.
  Time since last request: 0.309708 seconds.
  path: Assets/Pixel Skies DEMO/Pixel Skies 240x135px/demo01_PixelSky.png
  artifactKey: Guid(0094c1ddec51f7a4db1d4a203ffdee0f) Importer(815301076,1909f56bfc062723c751e8b465ee728b)
Start importing Assets/Pixel Skies DEMO/Pixel Skies 240x135px/demo01_PixelSky.png using Guid(0094c1ddec51f7a4db1d4a203ffdee0f) Importer(815301076,1909f56bfc062723c751e8b465ee728b)  -> (artifact id: '8b74162169847fc6b0d51b793270fc6d') in 0.016291 seconds 
========================================================================
Received Import Request.
  Time since last request: 0.016029 seconds.
  path: Assets/Pixel Skies DEMO/Pixel Skies 240x135px/demo03_PixelSky.png
  artifactKey: Guid(3c522dfe25a7896468abb57f4bf0f186) Importer(815301076,1909f56bfc062723c751e8b465ee728b)
Start importing Assets/Pixel Skies DEMO/Pixel Skies 240x135px/demo03_PixelSky.png using Guid(3c522dfe25a7896468abb57f4bf0f186) Importer(815301076,1909f56bfc062723c751e8b465ee728b)  -> (artifact id: '4c543c620c5f9e0b9fb27b8e511eb9a2') in 0.028089 seconds 
========================================================================
Received Import Request.
  Time since last request: 0.000018 seconds.
  path: Assets/Pixel Skies DEMO/Pixel Skies 240x135px/demo06_PixelSky.png
  artifactKey: Guid(f6cc67ab8870dda4dbc253117214730e) Importer(815301076,1909f56bfc062723c751e8b465ee728b)
Start importing Assets/Pixel Skies DEMO/Pixel Skies 240x135px/demo06_PixelSky.png using Guid(f6cc67ab8870dda4dbc253117214730e) Importer(815301076,1909f56bfc062723c751e8b465ee728b)  -> (artifact id: '355640c10f09291e69f9868a56d9cbe7') in 0.014668 seconds 
Editor requested this worker to shutdown with reason: Scaling down because of idle timeout
AssetImportWorker is now disconnected from the server
Process exiting
Exiting without the bug reporter. Application will terminate with return code 0